00000000          loopI:
00000000 00003202 ldl i
00000001 00002702 ldl len
00000002 00000007 sub
00000003 0000220f brz halt
00000004 00000000 ldc 0
00000005 00003303 stl j
00000006          loopJ:
00000006 00003302 ldl j
00000007 00002702 ldl len
00000008 ffffff01 adc -1
00000009 00000007 sub
0000000a 0000170f brz nextI
0000000b 00003302 ldl j
0000000c 00002804 ldnl arr
0000000d 00003302 ldl j
0000000e 00000101 adc 1
0000000f 00002804 ldnl arr
00000010 00000007 sub
00000011 00000c10 brlz nextJ
00000012 00003302 ldl j
00000013 00002804 ldnl arr
00000014 00003403 stl tmp
00000015 00003302 ldl j
00000016 00000101 adc 1
00000017 00002804 ldnl arr
00000018 00003302 ldl j
00000019 00002805 stnl arr
0000001a 00003402 ldl tmp
0000001b 00003302 ldl j
0000001c 00000101 adc 1
0000001d 00002805 stnl arr
0000001e          nextJ:
0000001e 00003302 ldl j
0000001f 00000101 adc 1
00000020 00003303 stl j
00000021 ffffe411 br loopJ
00000022          nextI:
00000022 00003202 ldl i
00000023 00000101 adc 1
00000024 00003203 stl i
00000025 ffffda11 br loopI
00000026          halt:
00000026 00000012 HALT
00000027          len:
00000027 0000000a data 10
00000028          arr:
00000028 0000000a data 10
00000029 00000009 data 9
0000002a 00000008 data 8
0000002b 00000007 data 7
0000002c 00000006 data 6
0000002d 00000005 data 5
0000002e 00000004 data 4
0000002f 00000003 data 3
00000030 00000002 data 2
00000031 00000001 data 1
00000032          i:
00000032 00000000 data 0
00000033          j:
00000033 00000000 data 0
00000034          tmp:
00000034 00000000 data 0
