00000000 00004700 ldc 71
00000001 00001603 stl a
00000002 00000d00 ldc 13
00000003 00001703 stl b
00000004 0000010d call div
00000005 00000012 HALT
00000006          div:
00000006 00001403 stl retAddr
00000007 00000000 ldc 0
00000008 00001503 stl quo
00000009          divLoop:
00000009 00001602 ldl a
0000000a 00001702 ldl b
0000000b 00000007 sub
0000000c 00000510 brlz return
0000000d 00001603 stl a
0000000e 00001502 ldl quo
0000000f 00000101 adc 1
00000010 00001503 stl quo
00000011 fffff711 br divLoop
00000012          return:
00000012 00001402 ldl retAddr
00000013 0000000e return
00000014          retAddr:
00000014 00000000 data 0
00000015          quo:
00000015 00000000 data 0
00000016          a:
00000016 00000000 data 0
00000017          b:
00000017 00000000 data 0
