00000000          loop:
00000000 00001102 ldl n
00000001 00001202 ldl i
00000002 00000007 sub
00000003 00000c0f brz halt
00000004 00001502 ldl b
00000005 00001303 stl temp
00000006 00001502 ldl b
00000007 00001402 ldl a
00000008 00000006 add
00000009 00001503 stl b
0000000a 00001302 ldl temp
0000000b 00001403 stl a
0000000c 00001202 ldl i
0000000d 00000101 adc 1
0000000e 00001203 stl i
0000000f fffff011 br loop
00000010          halt:
00000010 00000012 HALT
00000011          n:
00000011 0000000a data 10
00000012          i:
00000012 00000000 data 0
00000013          temp:
00000013 00000000 data 0
00000014          a:
00000014 00000000 data 0
00000015          b:
00000015 00000001 data 1
